<?xml version="1.0" encoding="UTF-8"?>
<robot generator="Robot 7.0 (Python 3.12.2 on win32)" generated="2024-04-05T14:39:00.101891" rpa="false" schemaversion="5">
<suite id="s1" name="example - Copy - Copy - Copy" source="C:\Users\piyao\OneDrive\Desktop\example - Copy - Copy - Copy">
<suite id="s1-s1" name="TestSuites" source="C:\Users\piyao\OneDrive\Desktop\example - Copy - Copy - Copy\TestSuites">
<suite id="s1-s1-s1" name="Search" source="C:\Users\piyao\OneDrive\Desktop\example - Copy - Copy - Copy\TestSuites\search.robot">
<test id="s1-s1-s1-t1" name="Search007 Open Browser" line="6">
<kw name="Open Google Url" owner="search">
<kw name="Open Browser" owner="Browser">
<msg time="2024-04-05T14:39:03.576820" level="WARN">Open Browser is for quick experimentation and debugging only. Use New Page for production.</msg>
<msg time="2024-04-05T14:39:03.579683" level="INFO">{"browser": "chromium", "headless": false, "chromiumSandbox": false, "devtools": false, "handleSIGHUP": true, "handleSIGINT": true, "handleSIGTERM": true, "slowMo": 0.0, "timeout": 30000.0, "tracesDir": "C:\\Users\\piyao\\OneDrive\\Desktop\\example - Copy - Copy - Copy\\browser\\traces\\6c24f05c-932c-42ca-a448-7d1da355a0d2"}</msg>
<msg time="2024-04-05T14:39:05.321501" level="INFO">Successfully created browser with options: {"browser":"chromium","headless":false,"chromiumSandbox":false,"devtools":false,"handleSIGHUP":true,"handleSIGINT":true,"handleSIGTERM":true,"slowMo":0,"timeout":30000,"tracesDir":"C:\\Users\\piyao\\OneDrive\\Desktop\\example - Copy - Copy - Copy\\browser\\traces\\6c24f05c-932c-42ca-a448-7d1da355a0d2"}</msg>
<msg time="2024-04-05T14:39:05.321501" level="INFO">{
  "acceptDownloads": true,
  "bypassCSP": true,
  "forcedColors": "none",
  "ignoreHTTPSErrors": false,
  "javaScriptEnabled": true,
  "offline": false,
  "reducedMotion": "no-preference",
  "serviceWorkers": "allow",
  "viewport": {
    "height": 720,
    "width": 1280
  }
}</msg>
<msg time="2024-04-05T14:39:05.451817" level="INFO">Successfully created context. </msg>
<msg time="2024-04-05T14:39:05.451817" level="INFO">{'acceptDownloads': True, 'bypassCSP': True, 'forcedColors': 'none', 'ignoreHTTPSErrors': False, 'javaScriptEnabled': True, 'offline': False, 'reducedMotion': 'no-preference', 'serviceWorkers': 'allow', 'viewport': {'height': 720, 'width': 1280}}</msg>
<msg time="2024-04-05T14:39:13.864363" level="INFO">Successfully initialized new page object and opened url: https://www.google.co.th</msg>
<arg>${url}</arg>
<tag>BrowserControl</tag>
<tag>Setter</tag>
<doc>Opens a new browser instance. Use this keyword for quick experiments or debugging sessions.</doc>
<status status="PASS" start="2024-04-05T14:39:03.575820" elapsed="10.288543"/>
</kw>
<status status="PASS" start="2024-04-05T14:39:03.574681" elapsed="10.290683"/>
</kw>
<kw name="Insert search" owner="search">
<kw name="Fill Text" owner="Browser">
<msg time="2024-04-05T14:39:13.926384" level="INFO">Fills the text 'Candy' in the given field.</msg>
<arg>${txt_search}</arg>
<arg>${Text}</arg>
<tag>PageContent</tag>
<tag>Setter</tag>
<doc>Clears and fills the given ``txt`` into the text field found by ``selector``.</doc>
<status status="PASS" start="2024-04-05T14:39:13.925383" elapsed="0.287072"/>
</kw>
<status status="PASS" start="2024-04-05T14:39:13.923382" elapsed="0.290073"/>
</kw>
<kw name="Enter Search" owner="search">
<kw name="Keyboard Key" owner="Browser">
<arg>press</arg>
<arg>Enter</arg>
<tag>PageContent</tag>
<tag>Setter</tag>
<doc>Press a keyboard key on the virtual keyboard or set a key up or down.</doc>
<status status="PASS" start="2024-04-05T14:39:14.221462" elapsed="0.212088"/>
</kw>
<status status="PASS" start="2024-04-05T14:39:14.220460" elapsed="0.213090"/>
</kw>
<kw name="Verify Link" owner="search">
<kw name="Get Text" owner="Browser">
<msg time="2024-04-05T14:39:15.649817" level="INFO">Text: 'Candy'</msg>
<msg time="2024-04-05T14:39:15.649817" level="INFO">${value} = Candy</msg>
<var>${value}</var>
<arg>${txt_search}</arg>
<tag>Assertion</tag>
<tag>Getter</tag>
<tag>PageContent</tag>
<doc>Returns text attribute of the element found by ``selector``.</doc>
<status status="PASS" start="2024-04-05T14:39:14.437513" elapsed="1.212304"/>
</kw>
<kw name="Should Be Equal" owner="BuiltIn">
<arg>${value}</arg>
<arg>${Text}</arg>
<doc>Fails if the given objects are unequal.</doc>
<status status="PASS" start="2024-04-05T14:39:15.650817" elapsed="0.001000"/>
</kw>
<status status="PASS" start="2024-04-05T14:39:14.436512" elapsed="1.215305"/>
</kw>
<status status="PASS" start="2024-04-05T14:39:03.567796" elapsed="12.129031"/>
</test>
<status status="PASS" start="2024-04-05T14:39:00.203833" elapsed="16.754356"/>
</suite>
<status status="PASS" start="2024-04-05T14:39:00.195830" elapsed="16.797371"/>
</suite>
<status status="PASS" start="2024-04-05T14:39:00.107808" elapsed="16.892393"/>
</suite>
<statistics>
<total>
<stat pass="1" fail="0" skip="0">All Tests</stat>
</total>
<tag>
</tag>
<suite>
<stat pass="1" fail="0" skip="0" id="s1" name="example - Copy - Copy - Copy">example - Copy - Copy - Copy</stat>
<stat pass="1" fail="0" skip="0" id="s1-s1" name="TestSuites">example - Copy - Copy - Copy.TestSuites</stat>
<stat pass="1" fail="0" skip="0" id="s1-s1-s1" name="Search">example - Copy - Copy - Copy.TestSuites.Search</stat>
</suite>
</statistics>
<errors>
<msg time="2024-04-05T14:39:00.903129" level="ERROR">Error in file 'C:\Users\piyao\OneDrive\Desktop\example - Copy - Copy - Copy\Resources\Keywords\search.resource' on line 6: Replacing variables from setting 'Resource' failed: Variable '${TH}' not found.</msg>
<msg time="2024-04-05T14:39:03.576820" level="WARN">Open Browser is for quick experimentation and debugging only. Use New Page for production.</msg>
</errors>
</robot>
